<?xml version="1.0" encoding="UTF-8"?>
<testsuite xmlns:xsi="http://www.w3.org/2001/XMLSchema-instance" xsi:noNamespaceSchemaLocation="https://maven.apache.org/surefire/maven-surefire-plugin/xsd/surefire-test-report-3.0.xsd" version="3.0" name="com.account_service.AccountServiceApplicationTests" time="10.074" tests="1" errors="0" skipped="0" failures="0">
  <properties>
[...]
</properties>
  <testcase name="contextLoads" classname="com.account_service.AccountServiceApplicationTests" time="0.395">
    <system-out><![CDATA[23:11:00.155 [main] INFO org.springframework.test.context.support.AnnotationConfigContextLoaderUtils -- Could not detect default configuration classes for test class [com.account_service.AccountServiceApplicationTests]: AccountServiceApplicationTests does not declare any static, non-private, non-final, nested classes annotated with @Configuration.
23:11:00.210 [main] INFO org.springframework.boot.test.context.SpringBootTestContextBootstrapper -- Found @SpringBootConfiguration com.account_service.AccountServiceApplication for test class com.account_service.AccountServiceApplicationTests

  .   ____          _            __ _ _
 /\\ / ___'_ __ _ _(_)_ __  __ _ \ \ \ \
( ( )\___ | '_ | '_| | '_ \/ _` | \ \ \ \
 \\/  ___)| |_)| | | | | || (_| |  ) ) ) )
  '  |____| .__|_| |_|_| |_\__, | / / / /
 =========|_|==============|___/=/_/_/_/

 :: Spring Boot ::                (v3.3.4)

2024-10-28T23:11:00.464+07:00  INFO 10809 --- [account-service] [           main] c.a.AccountServiceApplicationTests       : Starting AccountServiceApplicationTests using Java 17.0.12 with PID 10809 (started by hiepdeptrai0908 in /Users/hiepdeptrai0908/Document/DTN-2402/Microservice/MicroService-Banking-Team2/account-service)
2024-10-28T23:11:00.465+07:00  INFO 10809 --- [account-service] [           main] c.a.AccountServiceApplicationTests       : No active profile set, falling back to 1 default profile: "default"
2024-10-28T23:11:00.982+07:00  INFO 10809 --- [account-service] [           main] .s.d.r.c.RepositoryConfigurationDelegate : Bootstrapping Spring Data JPA repositories in DEFAULT mode.
2024-10-28T23:11:01.048+07:00  INFO 10809 --- [account-service] [           main] .s.d.r.c.RepositoryConfigurationDelegate : Finished Spring Data repository scanning in 63 ms. Found 1 JPA repository interface.
2024-10-28T23:11:01.201+07:00  INFO 10809 --- [account-service] [           main] o.s.cloud.context.scope.GenericScope     : BeanFactory id=55743f1c-10ef-3b42-91e7-0f86efd015eb
2024-10-28T23:11:01.360+07:00  WARN 10809 --- [account-service] [           main] trationDelegate$BeanPostProcessorChecker : Bean 'org.springframework.cloud.client.loadbalancer.LoadBalancerAutoConfiguration$DeferringLoadBalancerInterceptorConfig' of type [org.springframework.cloud.client.loadbalancer.LoadBalancerAutoConfiguration$DeferringLoadBalancerInterceptorConfig] is not eligible for getting processed by all BeanPostProcessors (for example: not eligible for auto-proxying). The currently created BeanPostProcessor [lbRestClientPostProcessor] is declared through a non-static factory method on that class; consider declaring it as static instead.
2024-10-28T23:11:01.362+07:00  WARN 10809 --- [account-service] [           main] trationDelegate$BeanPostProcessorChecker : Bean 'deferringLoadBalancerInterceptor' of type [org.springframework.cloud.client.loadbalancer.DeferringLoadBalancerInterceptor] is not eligible for getting processed by all BeanPostProcessors (for example: not eligible for auto-proxying). Is this bean getting eagerly injected into a currently created BeanPostProcessor [lbRestClientPostProcessor]? Check the corresponding BeanPostProcessor declaration and its dependencies.
2024-10-28T23:11:01.470+07:00  INFO 10809 --- [account-service] [           main] o.hibernate.jpa.internal.util.LogHelper  : HHH000204: Processing PersistenceUnitInfo [name: default]
2024-10-28T23:11:01.506+07:00  INFO 10809 --- [account-service] [           main] org.hibernate.Version                    : HHH000412: Hibernate ORM core version 6.5.3.Final
2024-10-28T23:11:01.524+07:00  INFO 10809 --- [account-service] [           main] o.h.c.internal.RegionFactoryInitiator    : HHH000026: Second-level cache disabled
2024-10-28T23:11:01.690+07:00  INFO 10809 --- [account-service] [           main] o.s.o.j.p.SpringPersistenceUnitInfo      : No LoadTimeWeaver setup: ignoring JPA class transformer
2024-10-28T23:11:01.705+07:00  INFO 10809 --- [account-service] [           main] com.zaxxer.hikari.HikariDataSource       : HikariPool-1 - Starting...
2024-10-28T23:11:05.321+07:00  INFO 10809 --- [account-service] [           main] com.zaxxer.hikari.pool.HikariPool        : HikariPool-1 - Added connection com.mysql.cj.jdbc.ConnectionImpl@6d9ee75a
2024-10-28T23:11:05.327+07:00  INFO 10809 --- [account-service] [           main] com.zaxxer.hikari.HikariDataSource       : HikariPool-1 - Start completed.
2024-10-28T23:11:05.669+07:00  WARN 10809 --- [account-service] [           main] org.hibernate.orm.deprecation            : HHH90000025: MySQL8Dialect does not need to be specified explicitly using 'hibernate.dialect' (remove the property setting and it will be selected by default)
2024-10-28T23:11:05.669+07:00  WARN 10809 --- [account-service] [           main] org.hibernate.orm.deprecation            : HHH90000026: MySQL8Dialect has been deprecated; use org.hibernate.dialect.MySQLDialect instead
2024-10-28T23:11:06.181+07:00  INFO 10809 --- [account-service] [           main] o.h.e.t.j.p.i.JtaPlatformInitiator       : HHH000489: No JTA platform available (set 'hibernate.transaction.jta.platform' to enable JTA platform integration)
Hibernate: 
    drop table if exists account
Hibernate: 
    create table account (
        available_balance decimal(38,2) not null,
        opening_date date not null,
        account_id bigint not null auto_increment,
        user_id bigint not null,
        account_number varchar(255) not null,
        account_status enum ('ACTIVE','BLOCKED','CLOSED','PENDING') not null,
        account_type enum ('FIXED_DEPOSIT','LOAN_ACCOUNT','SAVINGS_ACCOUNT') not null,
        primary key (account_id)
    ) engine=InnoDB
Hibernate: 
    alter table account 
       add constraint UK66gkcp94endmotfwb8r4ocxm9 unique (account_number)
2024-10-28T23:11:08.350+07:00  INFO 10809 --- [account-service] [           main] j.LocalContainerEntityManagerFactoryBean : Initialized JPA EntityManagerFactory for persistence unit 'default'
2024-10-28T23:11:08.613+07:00  WARN 10809 --- [account-service] [           main] JpaBaseConfiguration$JpaWebConfiguration : spring.jpa.open-in-view is enabled by default. Therefore, database queries may be performed during view rendering. Explicitly configure spring.jpa.open-in-view to disable this warning
2024-10-28T23:11:08.696+07:00  INFO 10809 --- [account-service] [           main] o.s.c.openfeign.FeignClientFactoryBean   : For 'user-service' URL not provided. Will try picking an instance via load-balancing.
2024-10-28T23:11:08.727+07:00  INFO 10809 --- [account-service] [           main] o.s.c.openfeign.FeignClientFactoryBean   : For 'sequence-generator' URL not provided. Will try picking an instance via load-balancing.
2024-10-28T23:11:08.736+07:00  INFO 10809 --- [account-service] [           main] o.s.c.openfeign.FeignClientFactoryBean   : For 'transaction-service' URL not provided. Will try picking an instance via load-balancing.
2024-10-28T23:11:09.231+07:00  INFO 10809 --- [account-service] [           main] DiscoveryClientOptionalArgsConfiguration : Eureka HTTP Client uses RestTemplate.
2024-10-28T23:11:09.254+07:00  WARN 10809 --- [account-service] [           main] iguration$LoadBalancerCaffeineWarnLogger : Spring Cloud LoadBalancer is currently working with the default cache. While this cache implementation is useful for development and tests, it's recommended to use Caffeine cache in production.You can switch to using Caffeine cache, by adding it and org.springframework.cache.caffeine.CaffeineCacheManager to the classpath.
2024-10-28T23:11:09.265+07:00  INFO 10809 --- [account-service] [           main] o.s.b.a.e.web.EndpointLinksResolver      : Exposing 0 endpoints beneath base path '/actuator'
2024-10-28T23:11:09.300+07:00  INFO 10809 --- [account-service] [           main] o.s.c.n.eureka.InstanceInfoFactory       : Setting initial instance status as: STARTING
2024-10-28T23:11:09.321+07:00  INFO 10809 --- [account-service] [           main] com.netflix.discovery.DiscoveryClient    : Initializing Eureka in region us-east-1
2024-10-28T23:11:09.323+07:00  INFO 10809 --- [account-service] [           main] c.n.d.s.r.aws.ConfigClusterResolver      : Resolving eureka endpoints via configuration
2024-10-28T23:11:09.328+07:00  INFO 10809 --- [account-service] [           main] com.netflix.discovery.DiscoveryClient    : Disable delta property : false
2024-10-28T23:11:09.328+07:00  INFO 10809 --- [account-service] [           main] com.netflix.discovery.DiscoveryClient    : Single vip registry refresh property : null
2024-10-28T23:11:09.328+07:00  INFO 10809 --- [account-service] [           main] com.netflix.discovery.DiscoveryClient    : Force full registry fetch : false
2024-10-28T23:11:09.328+07:00  INFO 10809 --- [account-service] [           main] com.netflix.discovery.DiscoveryClient    : Application is null : false
2024-10-28T23:11:09.328+07:00  INFO 10809 --- [account-service] [           main] com.netflix.discovery.DiscoveryClient    : Registered Applications size is zero : true
2024-10-28T23:11:09.328+07:00  INFO 10809 --- [account-service] [           main] com.netflix.discovery.DiscoveryClient    : Application version is -1: true
2024-10-28T23:11:09.328+07:00  INFO 10809 --- [account-service] [           main] com.netflix.discovery.DiscoveryClient    : Getting all instance registry info from the eureka server
2024-10-28T23:11:09.589+07:00  INFO 10809 --- [account-service] [           main] com.netflix.discovery.DiscoveryClient    : The response status is 200
2024-10-28T23:11:09.591+07:00  INFO 10809 --- [account-service] [           main] com.netflix.discovery.DiscoveryClient    : Starting heartbeat executor: renew interval is: 30
2024-10-28T23:11:09.592+07:00  INFO 10809 --- [account-service] [           main] c.n.discovery.InstanceInfoReplicator     : InstanceInfoReplicator onDemand update allowed rate per min is 4
2024-10-28T23:11:09.593+07:00  INFO 10809 --- [account-service] [           main] com.netflix.discovery.DiscoveryClient    : Discovery Client initialized at timestamp 1730131869592 with initial instances count: 6
2024-10-28T23:11:09.599+07:00  INFO 10809 --- [account-service] [           main] o.s.c.n.e.s.EurekaServiceRegistry        : Registering application ACCOUNT-SERVICE with eureka with status UP
2024-10-28T23:11:09.599+07:00  INFO 10809 --- [account-service] [           main] com.netflix.discovery.DiscoveryClient    : Saw local status change event StatusChangeEvent [timestamp=1730131869599, current=UP, previous=STARTING]
2024-10-28T23:11:09.600+07:00  INFO 10809 --- [account-service] [foReplicator-%d] com.netflix.discovery.DiscoveryClient    : DiscoveryClient_ACCOUNT-SERVICE/192.168.0.102:account-service:8082: registering service...
2024-10-28T23:11:09.637+07:00  INFO 10809 --- [account-service] [           main] c.a.AccountServiceApplicationTests       : Started AccountServiceApplicationTests in 9.351 seconds (process running for 9.839)
2024-10-28T23:11:09.719+07:00  INFO 10809 --- [account-service] [foReplicator-%d] com.netflix.discovery.DiscoveryClient    : DiscoveryClient_ACCOUNT-SERVICE/192.168.0.102:account-service:8082 - registration status: 204
]]></system-out>
  </testcase>
</testsuite>