<?xml version="1.0" encoding="UTF-8"?>
<testsuite xmlns:xsi="http://www.w3.org/2001/XMLSchema-instance" xsi:noNamespaceSchemaLocation="https://maven.apache.org/surefire/maven-surefire-plugin/xsd/surefire-test-report-3.0.xsd" version="3.0" name="com.vti.ApiGatewayApplicationTests" time="3.157" tests="1" errors="0" skipped="0" failures="0">
  <properties>
[...]
</properties>
  <testcase name="contextLoads" classname="com.vti.ApiGatewayApplicationTests" time="0.417">
    <system-out><![CDATA[23:11:13.247 [main] INFO org.springframework.test.context.support.AnnotationConfigContextLoaderUtils -- Could not detect default configuration classes for test class [com.vti.ApiGatewayApplicationTests]: ApiGatewayApplicationTests does not declare any static, non-private, non-final, nested classes annotated with @Configuration.
23:11:13.306 [main] INFO org.springframework.boot.test.context.SpringBootTestContextBootstrapper -- Found @SpringBootConfiguration com.vti.ApiGatewayApplication for test class com.vti.ApiGatewayApplicationTests
23:11:13.390 [main] INFO org.springframework.boot.devtools.restart.RestartApplicationListener -- Restart disabled due to context in which it is running

  .   ____          _            __ _ _
 /\\ / ___'_ __ _ _(_)_ __  __ _ \ \ \ \
( ( )\___ | '_ | '_| | '_ \/ _` | \ \ \ \
 \\/  ___)| |_)| | | | | || (_| |  ) ) ) )
  '  |____| .__|_| |_|_| |_\__, | / / / /
 =========|_|==============|___/=/_/_/_/

 :: Spring Boot ::                (v3.3.3)

2024-10-28T23:11:13.564+07:00  INFO 10826 --- [api-gateway] [           main] com.vti.ApiGatewayApplicationTests       : Starting ApiGatewayApplicationTests using Java 17.0.12 with PID 10826 (started by hiepdeptrai0908 in /Users/hiepdeptrai0908/Document/DTN-2402/Microservice/MicroService-Banking-Team2/api-gateway)
2024-10-28T23:11:13.565+07:00  INFO 10826 --- [api-gateway] [           main] com.vti.ApiGatewayApplicationTests       : No active profile set, falling back to 1 default profile: "default"
2024-10-28T23:11:14.314+07:00  INFO 10826 --- [api-gateway] [           main] o.s.cloud.context.scope.GenericScope     : BeanFactory id=b0374ed8-9a5e-3f8d-af63-d4cf00a14439
2024-10-28T23:11:14.469+07:00  WARN 10826 --- [api-gateway] [           main] trationDelegate$BeanPostProcessorChecker : Bean 'org.springframework.cloud.client.loadbalancer.LoadBalancerAutoConfiguration$DeferringLoadBalancerInterceptorConfig' of type [org.springframework.cloud.client.loadbalancer.LoadBalancerAutoConfiguration$DeferringLoadBalancerInterceptorConfig] is not eligible for getting processed by all BeanPostProcessors (for example: not eligible for auto-proxying). The currently created BeanPostProcessor [lbRestClientPostProcessor] is declared through a non-static factory method on that class; consider declaring it as static instead.
2024-10-28T23:11:14.474+07:00  WARN 10826 --- [api-gateway] [           main] trationDelegate$BeanPostProcessorChecker : Bean 'deferringLoadBalancerInterceptor' of type [org.springframework.cloud.client.loadbalancer.DeferringLoadBalancerInterceptor] is not eligible for getting processed by all BeanPostProcessors (for example: not eligible for auto-proxying). Is this bean getting eagerly injected into a currently created BeanPostProcessor [lbRestClientPostProcessor]? Check the corresponding BeanPostProcessor declaration and its dependencies.
2024-10-28T23:11:14.481+07:00  WARN 10826 --- [api-gateway] [           main] trationDelegate$BeanPostProcessorChecker : Bean 'org.springframework.cloud.client.loadbalancer.reactive.LoadBalancerBeanPostProcessorAutoConfiguration' of type [org.springframework.cloud.client.loadbalancer.reactive.LoadBalancerBeanPostProcessorAutoConfiguration] is not eligible for getting processed by all BeanPostProcessors (for example: not eligible for auto-proxying). The currently created BeanPostProcessor [loadBalancerWebClientBuilderBeanPostProcessor] is declared through a non-static factory method on that class; consider declaring it as static instead.
2024-10-28T23:11:14.482+07:00  WARN 10826 --- [api-gateway] [           main] trationDelegate$BeanPostProcessorChecker : Bean 'org.springframework.cloud.client.loadbalancer.reactive.LoadBalancerBeanPostProcessorAutoConfiguration$ReactorDeferringLoadBalancerFilterConfig' of type [org.springframework.cloud.client.loadbalancer.reactive.LoadBalancerBeanPostProcessorAutoConfiguration$ReactorDeferringLoadBalancerFilterConfig] is not eligible for getting processed by all BeanPostProcessors (for example: not eligible for auto-proxying). Is this bean getting eagerly injected into a currently created BeanPostProcessor [loadBalancerWebClientBuilderBeanPostProcessor]? Check the corresponding BeanPostProcessor declaration and its dependencies.
2024-10-28T23:11:14.484+07:00  WARN 10826 --- [api-gateway] [           main] trationDelegate$BeanPostProcessorChecker : Bean 'reactorDeferringLoadBalancerExchangeFilterFunction' of type [org.springframework.cloud.client.loadbalancer.reactive.DeferringLoadBalancerExchangeFilterFunction] is not eligible for getting processed by all BeanPostProcessors (for example: not eligible for auto-proxying). Is this bean getting eagerly injected into a currently created BeanPostProcessor [loadBalancerWebClientBuilderBeanPostProcessor]? Check the corresponding BeanPostProcessor declaration and its dependencies.
2024-10-28T23:11:15.117+07:00  INFO 10826 --- [api-gateway] [           main] o.s.c.g.r.RouteDefinitionRouteLocator    : Loaded RoutePredicateFactory [After]
2024-10-28T23:11:15.117+07:00  INFO 10826 --- [api-gateway] [           main] o.s.c.g.r.RouteDefinitionRouteLocator    : Loaded RoutePredicateFactory [Before]
2024-10-28T23:11:15.117+07:00  INFO 10826 --- [api-gateway] [           main] o.s.c.g.r.RouteDefinitionRouteLocator    : Loaded RoutePredicateFactory [Between]
2024-10-28T23:11:15.117+07:00  INFO 10826 --- [api-gateway] [           main] o.s.c.g.r.RouteDefinitionRouteLocator    : Loaded RoutePredicateFactory [Cookie]
2024-10-28T23:11:15.117+07:00  INFO 10826 --- [api-gateway] [           main] o.s.c.g.r.RouteDefinitionRouteLocator    : Loaded RoutePredicateFactory [Header]
2024-10-28T23:11:15.117+07:00  INFO 10826 --- [api-gateway] [           main] o.s.c.g.r.RouteDefinitionRouteLocator    : Loaded RoutePredicateFactory [Host]
2024-10-28T23:11:15.117+07:00  INFO 10826 --- [api-gateway] [           main] o.s.c.g.r.RouteDefinitionRouteLocator    : Loaded RoutePredicateFactory [Method]
2024-10-28T23:11:15.117+07:00  INFO 10826 --- [api-gateway] [           main] o.s.c.g.r.RouteDefinitionRouteLocator    : Loaded RoutePredicateFactory [Path]
2024-10-28T23:11:15.117+07:00  INFO 10826 --- [api-gateway] [           main] o.s.c.g.r.RouteDefinitionRouteLocator    : Loaded RoutePredicateFactory [Query]
2024-10-28T23:11:15.117+07:00  INFO 10826 --- [api-gateway] [           main] o.s.c.g.r.RouteDefinitionRouteLocator    : Loaded RoutePredicateFactory [ReadBody]
2024-10-28T23:11:15.117+07:00  INFO 10826 --- [api-gateway] [           main] o.s.c.g.r.RouteDefinitionRouteLocator    : Loaded RoutePredicateFactory [RemoteAddr]
2024-10-28T23:11:15.117+07:00  INFO 10826 --- [api-gateway] [           main] o.s.c.g.r.RouteDefinitionRouteLocator    : Loaded RoutePredicateFactory [XForwardedRemoteAddr]
2024-10-28T23:11:15.117+07:00  INFO 10826 --- [api-gateway] [           main] o.s.c.g.r.RouteDefinitionRouteLocator    : Loaded RoutePredicateFactory [Weight]
2024-10-28T23:11:15.117+07:00  INFO 10826 --- [api-gateway] [           main] o.s.c.g.r.RouteDefinitionRouteLocator    : Loaded RoutePredicateFactory [CloudFoundryRouteService]
2024-10-28T23:11:15.242+07:00  INFO 10826 --- [api-gateway] [           main] o.s.b.a.e.web.EndpointLinksResolver      : Exposing 0 endpoints beneath base path '/actuator'
2024-10-28T23:11:15.415+07:00  INFO 10826 --- [api-gateway] [           main] DiscoveryClientOptionalArgsConfiguration : Eureka HTTP Client uses RestTemplate.
2024-10-28T23:11:15.455+07:00  WARN 10826 --- [api-gateway] [           main] iguration$LoadBalancerCaffeineWarnLogger : Spring Cloud LoadBalancer is currently working with the default cache. While this cache implementation is useful for development and tests, it's recommended to use Caffeine cache in production.You can switch to using Caffeine cache, by adding it and org.springframework.cache.caffeine.CaffeineCacheManager to the classpath.
2024-10-28T23:11:15.490+07:00  INFO 10826 --- [api-gateway] [           main] o.s.c.n.eureka.InstanceInfoFactory       : Setting initial instance status as: STARTING
2024-10-28T23:11:15.503+07:00  INFO 10826 --- [api-gateway] [           main] com.netflix.discovery.DiscoveryClient    : Initializing Eureka in region us-east-1
2024-10-28T23:11:15.505+07:00  INFO 10826 --- [api-gateway] [           main] c.n.d.s.r.aws.ConfigClusterResolver      : Resolving eureka endpoints via configuration
2024-10-28T23:11:15.509+07:00  INFO 10826 --- [api-gateway] [           main] com.netflix.discovery.DiscoveryClient    : Disable delta property : false
2024-10-28T23:11:15.509+07:00  INFO 10826 --- [api-gateway] [           main] com.netflix.discovery.DiscoveryClient    : Single vip registry refresh property : null
2024-10-28T23:11:15.509+07:00  INFO 10826 --- [api-gateway] [           main] com.netflix.discovery.DiscoveryClient    : Force full registry fetch : false
2024-10-28T23:11:15.509+07:00  INFO 10826 --- [api-gateway] [           main] com.netflix.discovery.DiscoveryClient    : Application is null : false
2024-10-28T23:11:15.509+07:00  INFO 10826 --- [api-gateway] [           main] com.netflix.discovery.DiscoveryClient    : Registered Applications size is zero : true
2024-10-28T23:11:15.509+07:00  INFO 10826 --- [api-gateway] [           main] com.netflix.discovery.DiscoveryClient    : Application version is -1: true
2024-10-28T23:11:15.509+07:00  INFO 10826 --- [api-gateway] [           main] com.netflix.discovery.DiscoveryClient    : Getting all instance registry info from the eureka server
2024-10-28T23:11:15.718+07:00  INFO 10826 --- [api-gateway] [           main] com.netflix.discovery.DiscoveryClient    : The response status is 200
2024-10-28T23:11:15.721+07:00  INFO 10826 --- [api-gateway] [           main] com.netflix.discovery.DiscoveryClient    : Starting heartbeat executor: renew interval is: 30
2024-10-28T23:11:15.724+07:00  INFO 10826 --- [api-gateway] [           main] c.n.discovery.InstanceInfoReplicator     : InstanceInfoReplicator onDemand update allowed rate per min is 4
2024-10-28T23:11:15.725+07:00  INFO 10826 --- [api-gateway] [           main] com.netflix.discovery.DiscoveryClient    : Discovery Client initialized at timestamp 1730131875724 with initial instances count: 6
2024-10-28T23:11:15.734+07:00  INFO 10826 --- [api-gateway] [           main] o.s.c.n.e.s.EurekaServiceRegistry        : Registering application API-GATEWAY with eureka with status UP
2024-10-28T23:11:15.734+07:00  INFO 10826 --- [api-gateway] [           main] com.netflix.discovery.DiscoveryClient    : Saw local status change event StatusChangeEvent [timestamp=1730131875734, current=UP, previous=STARTING]
2024-10-28T23:11:15.736+07:00  INFO 10826 --- [api-gateway] [foReplicator-%d] com.netflix.discovery.DiscoveryClient    : DiscoveryClient_API-GATEWAY/192.168.0.102:api-gateway:8080: registering service...
2024-10-28T23:11:15.781+07:00  INFO 10826 --- [api-gateway] [foReplicator-%d] com.netflix.discovery.DiscoveryClient    : DiscoveryClient_API-GATEWAY/192.168.0.102:api-gateway:8080 - registration status: 204
2024-10-28T23:11:15.866+07:00  INFO 10826 --- [api-gateway] [           main] com.vti.ApiGatewayApplicationTests       : Started ApiGatewayApplicationTests in 2.483 seconds (process running for 2.972)
]]></system-out>
  </testcase>
</testsuite>