<?xml version="1.0" encoding="UTF-8"?>
<testsuite xmlns:xsi="http://www.w3.org/2001/XMLSchema-instance" xsi:noNamespaceSchemaLocation="https://maven.apache.org/surefire/maven-surefire-plugin/xsd/surefire-test-report-3.0.xsd" version="3.0" name="com.vti.eureka_server.EurekaServerApplicationTests" time="2.56" tests="1" errors="0" skipped="0" failures="0">
  <properties>
[...]
</properties>
  <testcase name="contextLoads" classname="com.vti.eureka_server.EurekaServerApplicationTests" time="0.446">
    <system-out><![CDATA[Standard Commons Logging discovery in action with spring-jcl: please remove commons-logging.jar from classpath in order to avoid potential conflicts
15:18:32.134 [main] INFO org.springframework.test.context.support.AnnotationConfigContextLoaderUtils -- Could not detect default configuration classes for test class [com.vti.eureka_server.EurekaServerApplicationTests]: EurekaServerApplicationTests does not declare any static, non-private, non-final, nested classes annotated with @Configuration.
15:18:32.208 [main] INFO org.springframework.boot.test.context.SpringBootTestContextBootstrapper -- Found @SpringBootConfiguration com.vti.eureka_server.EurekaServerApplication for test class com.vti.eureka_server.EurekaServerApplicationTests
15:18:32.398 [main] INFO org.springframework.boot.devtools.restart.RestartApplicationListener -- Restart disabled due to context in which it is running

  .   ____          _            __ _ _
 /\\ / ___'_ __ _ _(_)_ __  __ _ \ \ \ \
( ( )\___ | '_ | '_| | '_ \/ _` | \ \ \ \
 \\/  ___)| |_)| | | | | || (_| |  ) ) ) )
  '  |____| .__|_| |_|_| |_\__, | / / / /
 =========|_|==============|___/=/_/_/_/

 :: Spring Boot ::                (v3.3.3)

2024-10-27T15:18:32.737+07:00  INFO 55452 --- [eureka-server] [           main] c.v.e.EurekaServerApplicationTests       : Starting EurekaServerApplicationTests using Java 17.0.12 with PID 55452 (started by hiepdeptrai0908 in /Users/hiepdeptrai0908/Document/DTN-2402/Microservice/MicroService-Banking-Team2/eureka-server)
2024-10-27T15:18:32.742+07:00  INFO 55452 --- [eureka-server] [           main] c.v.e.EurekaServerApplicationTests       : No active profile set, falling back to 1 default profile: "default"
2024-10-27T15:18:33.289+07:00  INFO 55452 --- [eureka-server] [           main] o.s.cloud.context.scope.GenericScope     : BeanFactory id=73fa80ac-3ff4-394b-993d-b6c0c46d4692
2024-10-27T15:18:33.326+07:00  WARN 55452 --- [eureka-server] [           main] trationDelegate$BeanPostProcessorChecker : Bean 'org.springframework.cloud.client.loadbalancer.LoadBalancerAutoConfiguration$DeferringLoadBalancerInterceptorConfig' of type [org.springframework.cloud.client.loadbalancer.LoadBalancerAutoConfiguration$DeferringLoadBalancerInterceptorConfig] is not eligible for getting processed by all BeanPostProcessors (for example: not eligible for auto-proxying). The currently created BeanPostProcessor [lbRestClientPostProcessor] is declared through a non-static factory method on that class; consider declaring it as static instead.
2024-10-27T15:18:33.327+07:00  WARN 55452 --- [eureka-server] [           main] trationDelegate$BeanPostProcessorChecker : Bean 'deferringLoadBalancerInterceptor' of type [org.springframework.cloud.client.loadbalancer.DeferringLoadBalancerInterceptor] is not eligible for getting processed by all BeanPostProcessors (for example: not eligible for auto-proxying). Is this bean getting eagerly injected into a currently created BeanPostProcessor [lbRestClientPostProcessor]? Check the corresponding BeanPostProcessor declaration and its dependencies.
2024-10-27T15:18:33.813+07:00  WARN 55452 --- [eureka-server] [           main] iguration$LoadBalancerCaffeineWarnLogger : Spring Cloud LoadBalancer is currently working with the default cache. While this cache implementation is useful for development and tests, it's recommended to use Caffeine cache in production.You can switch to using Caffeine cache, by adding it and org.springframework.cache.caffeine.CaffeineCacheManager to the classpath.
2024-10-27T15:18:33.927+07:00  INFO 55452 --- [eureka-server] [           main] o.s.c.n.eureka.InstanceInfoFactory       : Setting initial instance status as: STARTING
2024-10-27T15:18:33.936+07:00  INFO 55452 --- [eureka-server] [           main] com.netflix.discovery.DiscoveryClient    : Initializing Eureka in region us-east-1
2024-10-27T15:18:33.937+07:00  INFO 55452 --- [eureka-server] [           main] com.netflix.discovery.DiscoveryClient    : Client configured to neither register nor query for data.
2024-10-27T15:18:33.938+07:00  INFO 55452 --- [eureka-server] [           main] com.netflix.discovery.DiscoveryClient    : Discovery Client initialized at timestamp 1730017113937 with initial instances count: 0
2024-10-27T15:18:33.957+07:00  INFO 55452 --- [eureka-server] [           main] c.n.eureka.DefaultEurekaServerContext    : Initializing ...
2024-10-27T15:18:33.958+07:00  WARN 55452 --- [eureka-server] [           main] c.n.eureka.cluster.PeerEurekaNodes       : The replica size seems to be empty. Check the route 53 DNS Registry
2024-10-27T15:18:33.963+07:00  INFO 55452 --- [eureka-server] [           main] c.n.e.registry.AbstractInstanceRegistry  : Finished initializing remote region registries. All known remote regions: []
2024-10-27T15:18:33.963+07:00  INFO 55452 --- [eureka-server] [           main] c.n.eureka.DefaultEurekaServerContext    : Initialized
2024-10-27T15:18:34.038+07:00  INFO 55452 --- [eureka-server] [           main] o.s.b.a.e.web.EndpointLinksResolver      : Exposing 0 endpoints beneath base path '/actuator'
2024-10-27T15:18:34.059+07:00  INFO 55452 --- [eureka-server] [           main] o.s.c.n.e.s.EurekaServiceRegistry        : Registering application EUREKA-SERVER with eureka with status UP
2024-10-27T15:18:34.064+07:00  INFO 55452 --- [eureka-server] [      Thread-11] o.s.c.n.e.server.EurekaServerBootstrap   : isAws returned false
2024-10-27T15:18:34.064+07:00  INFO 55452 --- [eureka-server] [      Thread-11] o.s.c.n.e.server.EurekaServerBootstrap   : Initialized server context
2024-10-27T15:18:34.064+07:00  INFO 55452 --- [eureka-server] [      Thread-11] c.n.e.r.PeerAwareInstanceRegistryImpl    : Got 1 instances from neighboring DS node
2024-10-27T15:18:34.065+07:00  INFO 55452 --- [eureka-server] [      Thread-11] c.n.e.r.PeerAwareInstanceRegistryImpl    : Renew threshold is: 1
2024-10-27T15:18:34.065+07:00  INFO 55452 --- [eureka-server] [      Thread-11] c.n.e.r.PeerAwareInstanceRegistryImpl    : Changing status to UP
2024-10-27T15:18:34.065+07:00  INFO 55452 --- [eureka-server] [      Thread-11] e.s.EurekaServerInitializerConfiguration : Started Eureka Server
2024-10-27T15:18:34.076+07:00  INFO 55452 --- [eureka-server] [           main] c.v.e.EurekaServerApplicationTests       : Started EurekaServerApplicationTests in 1.697 seconds (process running for 2.578)
]]></system-out>
  </testcase>
</testsuite>