<?xml version="1.0" encoding="UTF-8"?>
<testsuite xmlns:xsi="http://www.w3.org/2001/XMLSchema-instance" xsi:noNamespaceSchemaLocation="https://maven.apache.org/surefire/maven-surefire-plugin/xsd/surefire-test-report-3.0.xsd" version="3.0" name="com.user_service.UserServiceApplicationTests" time="11.829" tests="1" errors="0" skipped="0" failures="0">
  <properties>
[...]
</properties>
  <testcase name="contextLoads" classname="com.user_service.UserServiceApplicationTests" time="0.578">
    <system-out><![CDATA[22:32:43.378 [main] INFO org.springframework.test.context.support.AnnotationConfigContextLoaderUtils -- Could not detect default configuration classes for test class [com.user_service.UserServiceApplicationTests]: UserServiceApplicationTests does not declare any static, non-private, non-final, nested classes annotated with @Configuration.
22:32:43.431 [main] INFO org.springframework.boot.test.context.SpringBootTestContextBootstrapper -- Found @SpringBootConfiguration com.user_service.UserServiceApplication for test class com.user_service.UserServiceApplicationTests

  .   ____          _            __ _ _
 /\\ / ___'_ __ _ _(_)_ __  __ _ \ \ \ \
( ( )\___ | '_ | '_| | '_ \/ _` | \ \ \ \
 \\/  ___)| |_)| | | | | || (_| |  ) ) ) )
  '  |____| .__|_| |_|_| |_\__, | / / / /
 =========|_|==============|___/=/_/_/_/

 :: Spring Boot ::                (v3.3.4)

2024-10-27T22:32:43.780+07:00  INFO 79142 --- [user-service] [           main] c.u.UserServiceApplicationTests          : Starting UserServiceApplicationTests using Java 17.0.12 with PID 79142 (started by hiepdeptrai0908 in /Users/hiepdeptrai0908/Document/DTN-2402/Microservice/MicroService-Banking-Team2/user-service)
2024-10-27T22:32:43.780+07:00  INFO 79142 --- [user-service] [           main] c.u.UserServiceApplicationTests          : No active profile set, falling back to 1 default profile: "default"
2024-10-27T22:32:44.332+07:00  INFO 79142 --- [user-service] [           main] .s.d.r.c.RepositoryConfigurationDelegate : Bootstrapping Spring Data JPA repositories in DEFAULT mode.
2024-10-27T22:32:44.415+07:00  INFO 79142 --- [user-service] [           main] .s.d.r.c.RepositoryConfigurationDelegate : Finished Spring Data repository scanning in 78 ms. Found 1 JPA repository interface.
2024-10-27T22:32:44.552+07:00  INFO 79142 --- [user-service] [           main] o.s.cloud.context.scope.GenericScope     : BeanFactory id=61638ed0-67ce-3caf-811a-784ad7eb6dfe
2024-10-27T22:32:44.716+07:00  WARN 79142 --- [user-service] [           main] trationDelegate$BeanPostProcessorChecker : Bean 'org.springframework.cloud.client.loadbalancer.LoadBalancerAutoConfiguration$DeferringLoadBalancerInterceptorConfig' of type [org.springframework.cloud.client.loadbalancer.LoadBalancerAutoConfiguration$DeferringLoadBalancerInterceptorConfig] is not eligible for getting processed by all BeanPostProcessors (for example: not eligible for auto-proxying). The currently created BeanPostProcessor [lbRestClientPostProcessor] is declared through a non-static factory method on that class; consider declaring it as static instead.
2024-10-27T22:32:44.718+07:00  WARN 79142 --- [user-service] [           main] trationDelegate$BeanPostProcessorChecker : Bean 'deferringLoadBalancerInterceptor' of type [org.springframework.cloud.client.loadbalancer.DeferringLoadBalancerInterceptor] is not eligible for getting processed by all BeanPostProcessors (for example: not eligible for auto-proxying). Is this bean getting eagerly injected into a currently created BeanPostProcessor [lbRestClientPostProcessor]? Check the corresponding BeanPostProcessor declaration and its dependencies.
2024-10-27T22:32:44.853+07:00  INFO 79142 --- [user-service] [           main] o.hibernate.jpa.internal.util.LogHelper  : HHH000204: Processing PersistenceUnitInfo [name: default]
2024-10-27T22:32:44.901+07:00  INFO 79142 --- [user-service] [           main] org.hibernate.Version                    : HHH000412: Hibernate ORM core version 6.5.3.Final
2024-10-27T22:32:44.927+07:00  INFO 79142 --- [user-service] [           main] o.h.c.internal.RegionFactoryInitiator    : HHH000026: Second-level cache disabled
2024-10-27T22:32:45.076+07:00  INFO 79142 --- [user-service] [           main] o.s.o.j.p.SpringPersistenceUnitInfo      : No LoadTimeWeaver setup: ignoring JPA class transformer
2024-10-27T22:32:45.089+07:00  INFO 79142 --- [user-service] [           main] com.zaxxer.hikari.HikariDataSource       : HikariPool-1 - Starting...
2024-10-27T22:32:48.548+07:00  INFO 79142 --- [user-service] [           main] com.zaxxer.hikari.pool.HikariPool        : HikariPool-1 - Added connection com.mysql.cj.jdbc.ConnectionImpl@cd93621
2024-10-27T22:32:48.553+07:00  INFO 79142 --- [user-service] [           main] com.zaxxer.hikari.HikariDataSource       : HikariPool-1 - Start completed.
2024-10-27T22:32:48.876+07:00  WARN 79142 --- [user-service] [           main] org.hibernate.orm.deprecation            : HHH90000025: MySQL8Dialect does not need to be specified explicitly using 'hibernate.dialect' (remove the property setting and it will be selected by default)
2024-10-27T22:32:48.877+07:00  WARN 79142 --- [user-service] [           main] org.hibernate.orm.deprecation            : HHH90000026: MySQL8Dialect has been deprecated; use org.hibernate.dialect.MySQLDialect instead
2024-10-27T22:32:49.474+07:00  INFO 79142 --- [user-service] [           main] o.h.e.t.j.p.i.JtaPlatformInitiator       : HHH000489: No JTA platform available (set 'hibernate.transaction.jta.platform' to enable JTA platform integration)
Hibernate: 
    drop table if exists users
Hibernate: 
    create table users (
        created_at datetime(6),
        id bigint not null auto_increment,
        full_name varchar(255) not null,
        password varchar(255) not null,
        username varchar(255) not null,
        primary key (id)
    ) engine=InnoDB
Hibernate: 
    alter table users 
       add constraint UKr43af9ap4edm43mmtq01oddj6 unique (username)
2024-10-27T22:32:51.634+07:00  INFO 79142 --- [user-service] [           main] j.LocalContainerEntityManagerFactoryBean : Initialized JPA EntityManagerFactory for persistence unit 'default'
2024-10-27T22:32:51.919+07:00  WARN 79142 --- [user-service] [           main] JpaBaseConfiguration$JpaWebConfiguration : spring.jpa.open-in-view is enabled by default. Therefore, database queries may be performed during view rendering. Explicitly configure spring.jpa.open-in-view to disable this warning
2024-10-27T22:32:52.019+07:00  WARN 79142 --- [user-service] [           main] .s.s.UserDetailsServiceAutoConfiguration : 

Using generated security password: bde55faa-70ff-4e88-b1bc-9ac65088207b

This generated password is for development use only. Your security configuration must be updated before running your application in production.

2024-10-27T22:32:52.028+07:00  INFO 79142 --- [user-service] [           main] r$InitializeUserDetailsManagerConfigurer : Global AuthenticationManager configured with UserDetailsService bean with name inMemoryUserDetailsManager
2024-10-27T22:32:52.453+07:00  INFO 79142 --- [user-service] [           main] o.s.b.a.e.web.EndpointLinksResolver      : Exposing 0 endpoints beneath base path '/actuator'
2024-10-27T22:32:53.459+07:00  INFO 79142 --- [user-service] [           main] DiscoveryClientOptionalArgsConfiguration : Eureka HTTP Client uses RestTemplate.
2024-10-27T22:32:53.585+07:00  WARN 79142 --- [user-service] [           main] iguration$LoadBalancerCaffeineWarnLogger : Spring Cloud LoadBalancer is currently working with the default cache. While this cache implementation is useful for development and tests, it's recommended to use Caffeine cache in production.You can switch to using Caffeine cache, by adding it and org.springframework.cache.caffeine.CaffeineCacheManager to the classpath.
2024-10-27T22:32:53.781+07:00  INFO 79142 --- [user-service] [           main] o.s.c.n.eureka.InstanceInfoFactory       : Setting initial instance status as: STARTING
2024-10-27T22:32:53.835+07:00  INFO 79142 --- [user-service] [           main] com.netflix.discovery.DiscoveryClient    : Initializing Eureka in region us-east-1
2024-10-27T22:32:53.840+07:00  INFO 79142 --- [user-service] [           main] c.n.d.s.r.aws.ConfigClusterResolver      : Resolving eureka endpoints via configuration
2024-10-27T22:32:53.855+07:00  INFO 79142 --- [user-service] [           main] com.netflix.discovery.DiscoveryClient    : Disable delta property : false
2024-10-27T22:32:53.855+07:00  INFO 79142 --- [user-service] [           main] com.netflix.discovery.DiscoveryClient    : Single vip registry refresh property : null
2024-10-27T22:32:53.856+07:00  INFO 79142 --- [user-service] [           main] com.netflix.discovery.DiscoveryClient    : Force full registry fetch : false
2024-10-27T22:32:53.857+07:00  INFO 79142 --- [user-service] [           main] com.netflix.discovery.DiscoveryClient    : Application is null : false
2024-10-27T22:32:53.857+07:00  INFO 79142 --- [user-service] [           main] com.netflix.discovery.DiscoveryClient    : Registered Applications size is zero : true
2024-10-27T22:32:53.857+07:00  INFO 79142 --- [user-service] [           main] com.netflix.discovery.DiscoveryClient    : Application version is -1: true
2024-10-27T22:32:53.858+07:00  INFO 79142 --- [user-service] [           main] com.netflix.discovery.DiscoveryClient    : Getting all instance registry info from the eureka server
2024-10-27T22:32:54.406+07:00  INFO 79142 --- [user-service] [           main] com.netflix.discovery.DiscoveryClient    : The response status is 200
2024-10-27T22:32:54.408+07:00  INFO 79142 --- [user-service] [           main] com.netflix.discovery.DiscoveryClient    : Starting heartbeat executor: renew interval is: 30
2024-10-27T22:32:54.409+07:00  INFO 79142 --- [user-service] [           main] c.n.discovery.InstanceInfoReplicator     : InstanceInfoReplicator onDemand update allowed rate per min is 4
2024-10-27T22:32:54.410+07:00  INFO 79142 --- [user-service] [           main] com.netflix.discovery.DiscoveryClient    : Discovery Client initialized at timestamp 1730043174410 with initial instances count: 6
2024-10-27T22:32:54.417+07:00  INFO 79142 --- [user-service] [           main] o.s.c.n.e.s.EurekaServiceRegistry        : Registering application USER-SERVICE with eureka with status UP
2024-10-27T22:32:54.418+07:00  INFO 79142 --- [user-service] [           main] com.netflix.discovery.DiscoveryClient    : Saw local status change event StatusChangeEvent [timestamp=1730043174418, current=UP, previous=STARTING]
2024-10-27T22:32:54.419+07:00  INFO 79142 --- [user-service] [foReplicator-%d] com.netflix.discovery.DiscoveryClient    : DiscoveryClient_USER-SERVICE/192.168.0.102:user-service:8081: registering service...
2024-10-27T22:32:54.447+07:00  INFO 79142 --- [user-service] [           main] c.u.UserServiceApplicationTests          : Started UserServiceApplicationTests in 10.926 seconds (process running for 11.472)
2024-10-27T22:32:54.551+07:00  INFO 79142 --- [user-service] [foReplicator-%d] com.netflix.discovery.DiscoveryClient    : DiscoveryClient_USER-SERVICE/192.168.0.102:user-service:8081 - registration status: 204
]]></system-out>
  </testcase>
</testsuite>